{"name":"Auth","fullName":"TestAuthServiceSuiteRunner/AuthServiceSuite/Test_AuthService_Auth","status":"passed","statusDetails":{"message":"","trace":""},"start":1729280124858,"stop":1729280124860,"uuid":"1f191f7c-8d88-11ef-8083-0022489038a6","historyId":"fbe02fda1ea4aee0fa0c8c367b9ba703","testCaseId":"9d11fd499de2ad9eb73df4154525d101","labels":[{"name":"language","value":"go1.22.2"},{"name":"framework","value":"Allure-Go@v0.6.0"},{"name":"host","value":"fv-az691-746"},{"name":"thread","value":"TestAuthServiceSuiteRunner/AuthServiceSuite/Test_AuthService_Auth"},{"name":"suite","value":"AuthServiceSuite"},{"name":"package","value":"annotater/internal/tests/unit_test"},{"name":"tag","value":"auth"},{"name":"tag","value":"auth"},{"name":"tag","value":"auth"},{"name":"tag","value":"auth"},{"name":"tag","value":"auth"}],"steps":[{"name":"Valid Created User","status":"passed","start":1729280124858,"stop":1729280124858,"steps":[{"name":"ASSERT: No Error","status":"passed","start":1729280124858,"stop":1729280124858,"parameters":[{"name":"Actual","value":"\u003cnil\u003e"}]}],"parameters":[{"name":"Candidate","value":"{ID:0 Login:login Password:passed Name:default name Surname:default surname Role:0 Group:default group}"},{"name":"err","value":"\u003cnil\u003e"}]},{"name":"No login","status":"passed","start":1729280124858,"stop":1729280124859,"steps":[{"name":"ASSERT: Error","status":"passed","start":1729280124859,"stop":1729280124859,"parameters":[{"name":"Actual","value":"login cannot be empty\nauth svc - error for user with login \nannotater/internal/bl/auth.(*AuthService).SignUp\n\t/home/runner/work/Software-testing/Software-testing/src/internal/bl/auth/authService.go:56\nannotater/internal/tests/unit_test.(*AuthServiceSuite).Test_AuthService_Auth.func4\n\t/home/runner/work/Software-testing/Software-testing/src/internal/tests/unit/authService_test.go:124\ngithub.com/ozontech/allure-go/pkg/framework/core/common.(*Common).WithNewStep\n\t/home/runner/go/pkg/mod/github.com/ozontech/allure-go/pkg/framework@v0.6.32/core/common/steps.go:27\nannotater/internal/tests/unit_test.(*AuthServiceSuite).Test_AuthService_Auth\n\t/home/runner/work/Software-testing/Software-testing/src/internal/tests/unit/authService_test.go:109\nreflect.Value.call\n\t/opt/hostedtoolcache/go/1.22.2/x64/src/reflect/value.go:596\nreflect.Value.Call\n\t/opt/hostedtoolcache/go/1.22.2/x64/src/reflect/value.go:380\ngithub.com/ozontech/allure-go/pkg/framework/runner.(*testMethod).GetBody.func1\n\t/home/runner/go/pkg/mod/github.com/ozontech/allure-go/pkg/framework@v0.6.32/runner/tests.go:155\ngithub.com/ozontech/allure-go/pkg/framework/runner.(*runner).RunTests.func1.3.1\n\t/home/runner/go/pkg/mod/github.com/ozontech/allure-go/pkg/framework@v0.6.32/runner/runner.go:206\ntesting.tRunner\n\t/opt/hostedtoolcache/go/1.22.2/x64/src/testing/testing.go:1689\nruntime.goexit\n\t/opt/hostedtoolcache/go/1.22.2/x64/src/runtime/asm_amd64.s:1695"}]},{"name":"ASSERT: Equal","status":"passed","start":1729280124859,"stop":1729280124859,"parameters":[{"name":"Expected","value":"\"auth svc - error for user with login : login cannot be empty\""},{"name":"Actual","value":"\"auth svc - error for user with login : login cannot be empty\""}]}],"parameters":[{"name":"Candidate","value":"{ID:0 Login: Password:passed Name:default name Surname:default surname Role:0 Group:default group}"},{"name":"err","value":"login cannot be empty\nauth svc - error for user with login \nannotater/internal/bl/auth.(*AuthService).SignUp\n\t/home/runner/work/Software-testing/Software-testing/src/internal/bl/auth/authService.go:56\nannotater/internal/tests/unit_test.(*AuthServiceSuite).Test_AuthService_Auth.func4\n\t/home/runner/work/Software-testing/Software-testing/src/internal/tests/unit/authService_test.go:124\ngithub.com/ozontech/allure-go/pkg/framework/core/common.(*Common).WithNewStep\n\t/home/runner/go/pkg/mod/github.com/ozontech/allure-go/pkg/framework@v0.6.32/core/common/steps.go:27\nannotater/internal/tests/unit_test.(*AuthServiceSuite).Test_AuthService_Auth\n\t/home/runner/work/Software-testing/Software-testing/src/internal/tests/unit/authService_test.go:109\nreflect.Value.call\n\t/opt/hostedtoolcache/go/1.22.2/x64/src/reflect/value.go:596\nreflect.Value.Call\n\t/opt/hostedtoolcache/go/1.22.2/x64/src/reflect/value.go:380\ngithub.com/ozontech/allure-go/pkg/framework/runner.(*testMethod).GetBody.func1\n\t/home/runner/go/pkg/mod/github.com/ozontech/allure-go/pkg/framework@v0.6.32/runner/tests.go:155\ngithub.com/ozontech/allure-go/pkg/framework/runner.(*runner).RunTests.func1.3.1\n\t/home/runner/go/pkg/mod/github.com/ozontech/allure-go/pkg/framework@v0.6.32/runner/runner.go:206\ntesting.tRunner\n\t/opt/hostedtoolcache/go/1.22.2/x64/src/testing/testing.go:1689\nruntime.goexit\n\t/opt/hostedtoolcache/go/1.22.2/x64/src/runtime/asm_amd64.s:1695"}]},{"name":"No Passwd","status":"passed","start":1729280124859,"stop":1729280124859,"steps":[{"name":"ASSERT: Error","status":"passed","start":1729280124859,"stop":1729280124859,"parameters":[{"name":"Actual","value":"password cannot be empty\nauth svc - error for user with login login\nannotater/internal/bl/auth.(*AuthService).SignUp\n\t/home/runner/work/Software-testing/Software-testing/src/internal/bl/auth/authService.go:62\nannotater/internal/tests/unit_test.(*AuthServiceSuite).Test_AuthService_Auth.func4\n\t/home/runner/work/Software-testing/Software-testing/src/internal/tests/unit/authService_test.go:124\ngithub.com/ozontech/allure-go/pkg/framework/core/common.(*Common).WithNewStep\n\t/home/runner/go/pkg/mod/github.com/ozontech/allure-go/pkg/framework@v0.6.32/core/common/steps.go:27\nannotater/internal/tests/unit_test.(*AuthServiceSuite).Test_AuthService_Auth\n\t/home/runner/work/Software-testing/Software-testing/src/internal/tests/unit/authService_test.go:109\nreflect.Value.call\n\t/opt/hostedtoolcache/go/1.22.2/x64/src/reflect/value.go:596\nreflect.Value.Call\n\t/opt/hostedtoolcache/go/1.22.2/x64/src/reflect/value.go:380\ngithub.com/ozontech/allure-go/pkg/framework/runner.(*testMethod).GetBody.func1\n\t/home/runner/go/pkg/mod/github.com/ozontech/allure-go/pkg/framework@v0.6.32/runner/tests.go:155\ngithub.com/ozontech/allure-go/pkg/framework/runner.(*runner).RunTests.func1.3.1\n\t/home/runner/go/pkg/mod/github.com/ozontech/allure-go/pkg/framework@v0.6.32/runner/runner.go:206\ntesting.tRunner\n\t/opt/hostedtoolcache/go/1.22.2/x64/src/testing/testing.go:1689\nruntime.goexit\n\t/opt/hostedtoolcache/go/1.22.2/x64/src/runtime/asm_amd64.s:1695"}]},{"name":"ASSERT: Equal","status":"passed","start":1729280124859,"stop":1729280124859,"parameters":[{"name":"Expected","value":"\"auth svc - error for user with login login: password cannot be empty\""},{"name":"Actual","value":"\"auth svc - error for user with login login: password cannot be empty\""}]}],"parameters":[{"name":"Candidate","value":"{ID:0 Login:login Password: Name:default name Surname:default surname Role:0 Group:default group}"},{"name":"err","value":"password cannot be empty\nauth svc - error for user with login login\nannotater/internal/bl/auth.(*AuthService).SignUp\n\t/home/runner/work/Software-testing/Software-testing/src/internal/bl/auth/authService.go:62\nannotater/internal/tests/unit_test.(*AuthServiceSuite).Test_AuthService_Auth.func4\n\t/home/runner/work/Software-testing/Software-testing/src/internal/tests/unit/authService_test.go:124\ngithub.com/ozontech/allure-go/pkg/framework/core/common.(*Common).WithNewStep\n\t/home/runner/go/pkg/mod/github.com/ozontech/allure-go/pkg/framework@v0.6.32/core/common/steps.go:27\nannotater/internal/tests/unit_test.(*AuthServiceSuite).Test_AuthService_Auth\n\t/home/runner/work/Software-testing/Software-testing/src/internal/tests/unit/authService_test.go:109\nreflect.Value.call\n\t/opt/hostedtoolcache/go/1.22.2/x64/src/reflect/value.go:596\nreflect.Value.Call\n\t/opt/hostedtoolcache/go/1.22.2/x64/src/reflect/value.go:380\ngithub.com/ozontech/allure-go/pkg/framework/runner.(*testMethod).GetBody.func1\n\t/home/runner/go/pkg/mod/github.com/ozontech/allure-go/pkg/framework@v0.6.32/runner/tests.go:155\ngithub.com/ozontech/allure-go/pkg/framework/runner.(*runner).RunTests.func1.3.1\n\t/home/runner/go/pkg/mod/github.com/ozontech/allure-go/pkg/framework@v0.6.32/runner/runner.go:206\ntesting.tRunner\n\t/opt/hostedtoolcache/go/1.22.2/x64/src/testing/testing.go:1689\nruntime.goexit\n\t/opt/hostedtoolcache/go/1.22.2/x64/src/runtime/asm_amd64.s:1695"}]},{"name":"Hash error","status":"passed","start":1729280124859,"stop":1729280124859,"steps":[{"name":"ASSERT: Error","status":"passed","start":1729280124859,"stop":1729280124859,"parameters":[{"name":"Actual","value":"\nerror in generating passwdHash for user\nannotater/internal/bl/auth.(*AuthService).SignUp\n\t/home/runner/work/Software-testing/Software-testing/src/internal/bl/auth/authService.go:69\nannotater/internal/tests/unit_test.(*AuthServiceSuite).Test_AuthService_Auth.func4\n\t/home/runner/work/Software-testing/Software-testing/src/internal/tests/unit/authService_test.go:124\ngithub.com/ozontech/allure-go/pkg/framework/core/common.(*Common).WithNewStep\n\t/home/runner/go/pkg/mod/github.com/ozontech/allure-go/pkg/framework@v0.6.32/core/common/steps.go:27\nannotater/internal/tests/unit_test.(*AuthServiceSuite).Test_AuthService_Auth\n\t/home/runner/work/Software-testing/Software-testing/src/internal/tests/unit/authService_test.go:109\nreflect.Value.call\n\t/opt/hostedtoolcache/go/1.22.2/x64/src/reflect/value.go:596\nreflect.Value.Call\n\t/opt/hostedtoolcache/go/1.22.2/x64/src/reflect/value.go:380\ngithub.com/ozontech/allure-go/pkg/framework/runner.(*testMethod).GetBody.func1\n\t/home/runner/go/pkg/mod/github.com/ozontech/allure-go/pkg/framework@v0.6.32/runner/tests.go:155\ngithub.com/ozontech/allure-go/pkg/framework/runner.(*runner).RunTests.func1.3.1\n\t/home/runner/go/pkg/mod/github.com/ozontech/allure-go/pkg/framework@v0.6.32/runner/runner.go:206\ntesting.tRunner\n\t/opt/hostedtoolcache/go/1.22.2/x64/src/testing/testing.go:1689\nruntime.goexit\n\t/opt/hostedtoolcache/go/1.22.2/x64/src/runtime/asm_amd64.s:1695\nauth svc - error for user with login login\nannotater/internal/bl/auth.(*AuthService).SignUp\n\t/home/runner/work/Software-testing/Software-testing/src/internal/bl/auth/authService.go:70\nannotater/internal/tests/unit_test.(*AuthServiceSuite).Test_AuthService_Auth.func4\n\t/home/runner/work/Software-testing/Software-testing/src/internal/tests/unit/authService_test.go:124\ngithub.com/ozontech/allure-go/pkg/framework/core/common.(*Common).WithNewStep\n\t/home/runner/go/pkg/mod/github.com/ozontech/allure-go/pkg/framework@v0.6.32/core/common/steps.go:27\nannotater/internal/tests/unit_test.(*AuthServiceSuite).Test_AuthService_Auth\n\t/home/runner/work/Software-testing/Software-testing/src/internal/tests/unit/authService_test.go:109\nreflect.Value.call\n\t/opt/hostedtoolcache/go/1.22.2/x64/src/reflect/value.go:596\nreflect.Value.Call\n\t/opt/hostedtoolcache/go/1.22.2/x64/src/reflect/value.go:380\ngithub.com/ozontech/allure-go/pkg/framework/runner.(*testMethod).GetBody.func1\n\t/home/runner/go/pkg/mod/github.com/ozontech/allure-go/pkg/framework@v0.6.32/runner/tests.go:155\ngithub.com/ozontech/allure-go/pkg/framework/runner.(*runner).RunTests.func1.3.1\n\t/home/runner/go/pkg/mod/github.com/ozontech/allure-go/pkg/framework@v0.6.32/runner/runner.go:206\ntesting.tRunner\n\t/opt/hostedtoolcache/go/1.22.2/x64/src/testing/testing.go:1689\nruntime.goexit\n\t/opt/hostedtoolcache/go/1.22.2/x64/src/runtime/asm_amd64.s:1695"}]},{"name":"ASSERT: Equal","status":"passed","start":1729280124859,"stop":1729280124859,"parameters":[{"name":"Expected","value":"\"auth svc - error for user with login login: error in generating passwdHash for user: \""},{"name":"Actual","value":"\"auth svc - error for user with login login: error in generating passwdHash for user: \""}]}],"parameters":[{"name":"Candidate","value":"{ID:0 Login:login Password:passed Name:default name Surname:default surname Role:0 Group:default group}"},{"name":"err","value":"\nerror in generating passwdHash for user\nannotater/internal/bl/auth.(*AuthService).SignUp\n\t/home/runner/work/Software-testing/Software-testing/src/internal/bl/auth/authService.go:69\nannotater/internal/tests/unit_test.(*AuthServiceSuite).Test_AuthService_Auth.func4\n\t/home/runner/work/Software-testing/Software-testing/src/internal/tests/unit/authService_test.go:124\ngithub.com/ozontech/allure-go/pkg/framework/core/common.(*Common).WithNewStep\n\t/home/runner/go/pkg/mod/github.com/ozontech/allure-go/pkg/framework@v0.6.32/core/common/steps.go:27\nannotater/internal/tests/unit_test.(*AuthServiceSuite).Test_AuthService_Auth\n\t/home/runner/work/Software-testing/Software-testing/src/internal/tests/unit/authService_test.go:109\nreflect.Value.call\n\t/opt/hostedtoolcache/go/1.22.2/x64/src/reflect/value.go:596\nreflect.Value.Call\n\t/opt/hostedtoolcache/go/1.22.2/x64/src/reflect/value.go:380\ngithub.com/ozontech/allure-go/pkg/framework/runner.(*testMethod).GetBody.func1\n\t/home/runner/go/pkg/mod/github.com/ozontech/allure-go/pkg/framework@v0.6.32/runner/tests.go:155\ngithub.com/ozontech/allure-go/pkg/framework/runner.(*runner).RunTests.func1.3.1\n\t/home/runner/go/pkg/mod/github.com/ozontech/allure-go/pkg/framework@v0.6.32/runner/runner.go:206\ntesting.tRunner\n\t/opt/hostedtoolcache/go/1.22.2/x64/src/testing/testing.go:1689\nruntime.goexit\n\t/opt/hostedtoolcache/go/1.22.2/x64/src/runtime/asm_amd64.s:1695\nauth svc - error for user with login login\nannotater/internal/bl/auth.(*AuthService).SignUp\n\t/home/runner/work/Software-testing/Software-testing/src/internal/bl/auth/authService.go:70\nannotater/internal/tests/unit_test.(*AuthServiceSuite).Test_AuthService_Auth.func4\n\t/home/runner/work/Software-testing/Software-testing/src/internal/tests/unit/authService_test.go:124\ngithub.com/ozontech/allure-go/pkg/framework/core/common.(*Common).WithNewStep\n\t/home/runner/go/pkg/mod/github.com/ozontech/allure-go/pkg/framework@v0.6.32/core/common/steps.go:27\nannotater/internal/tests/unit_test.(*AuthServiceSuite).Test_AuthService_Auth\n\t/home/runner/work/Software-testing/Software-testing/src/internal/tests/unit/authService_test.go:109\nreflect.Value.call\n\t/opt/hostedtoolcache/go/1.22.2/x64/src/reflect/value.go:596\nreflect.Value.Call\n\t/opt/hostedtoolcache/go/1.22.2/x64/src/reflect/value.go:380\ngithub.com/ozontech/allure-go/pkg/framework/runner.(*testMethod).GetBody.func1\n\t/home/runner/go/pkg/mod/github.com/ozontech/allure-go/pkg/framework@v0.6.32/runner/tests.go:155\ngithub.com/ozontech/allure-go/pkg/framework/runner.(*runner).RunTests.func1.3.1\n\t/home/runner/go/pkg/mod/github.com/ozontech/allure-go/pkg/framework@v0.6.32/runner/runner.go:206\ntesting.tRunner\n\t/opt/hostedtoolcache/go/1.22.2/x64/src/testing/testing.go:1689\nruntime.goexit\n\t/opt/hostedtoolcache/go/1.22.2/x64/src/runtime/asm_amd64.s:1695"}]},{"name":"CreateUser error","status":"passed","start":1729280124859,"stop":1729280124860,"steps":[{"name":"ASSERT: Error","status":"passed","start":1729280124859,"stop":1729280124859,"parameters":[{"name":"Actual","value":"\nannotater/internal/tests/unit_test.(*AuthServiceSuite).Test_AuthService_Auth.func3\n\t/home/runner/work/Software-testing/Software-testing/src/internal/tests/unit/authService_test.go:97\nannotater/internal/tests/unit_test.(*AuthServiceSuite).Test_AuthService_Auth.func4\n\t/home/runner/work/Software-testing/Software-testing/src/internal/tests/unit/authService_test.go:114\ngithub.com/ozontech/allure-go/pkg/framework/core/common.(*Common).WithNewStep\n\t/home/runner/go/pkg/mod/github.com/ozontech/allure-go/pkg/framework@v0.6.32/core/common/steps.go:27\nannotater/internal/tests/unit_test.(*AuthServiceSuite).Test_AuthService_Auth\n\t/home/runner/work/Software-testing/Software-testing/src/internal/tests/unit/authService_test.go:109\nreflect.Value.call\n\t/opt/hostedtoolcache/go/1.22.2/x64/src/reflect/value.go:596\nreflect.Value.Call\n\t/opt/hostedtoolcache/go/1.22.2/x64/src/reflect/value.go:380\ngithub.com/ozontech/allure-go/pkg/framework/runner.(*testMethod).GetBody.func1\n\t/home/runner/go/pkg/mod/github.com/ozontech/allure-go/pkg/framework@v0.6.32/runner/tests.go:155\ngithub.com/ozontech/allure-go/pkg/framework/runner.(*runner).RunTests.func1.3.1\n\t/home/runner/go/pkg/mod/github.com/ozontech/allure-go/pkg/framework@v0.6.32/runner/runner.go:206\ntesting.tRunner\n\t/opt/hostedtoolcache/go/1.22.2/x64/src/testing/testing.go:1689\nruntime.goexit\n\t/opt/hostedtoolcache/go/1.22.2/x64/src/runtime/asm_amd64.s:1695\nerror in creating user\nannotater/internal/bl/auth.(*AuthService).SignUp\n\t/home/runner/work/Software-testing/Software-testing/src/internal/bl/auth/authService.go:79\nannotater/internal/tests/unit_test.(*AuthServiceSuite).Test_AuthService_Auth.func4\n\t/home/runner/work/Software-testing/Software-testing/src/internal/tests/unit/authService_test.go:124\ngithub.com/ozontech/allure-go/pkg/framework/core/common.(*Common).WithNewStep\n\t/home/runner/go/pkg/mod/github.com/ozontech/allure-go/pkg/framework@v0.6.32/core/common/steps.go:27\nannotater/internal/tests/unit_test.(*AuthServiceSuite).Test_AuthService_Auth\n\t/home/runner/work/Software-testing/Software-testing/src/internal/tests/unit/authService_test.go:109\nreflect.Value.call\n\t/opt/hostedtoolcache/go/1.22.2/x64/src/reflect/value.go:596\nreflect.Value.Call\n\t/opt/hostedtoolcache/go/1.22.2/x64/src/reflect/value.go:380\ngithub.com/ozontech/allure-go/pkg/framework/runner.(*testMethod).GetBody.func1\n\t/home/runner/go/pkg/mod/github.com/ozontech/allure-go/pkg/framework@v0.6.32/runner/tests.go:155\ngithub.com/ozontech/allure-go/pkg/framework/runner.(*runner).RunTests.func1.3.1\n\t/home/runner/go/pkg/mod/github.com/ozontech/allure-go/pkg/framework@v0.6.32/runner/runner.go:206\ntesting.tRunner\n\t/opt/hostedtoolcache/go/1.22.2/x64/src/testing/testing.go:1689\nruntime.goexit\n\t/opt/hostedtoolcache/go/1.22.2/x64/src/runtime/asm_amd64.s:1695\nauth svc - error for user with login login\nannotater/internal/bl/auth.(*AuthService).SignUp\n\t/home/runner/work/Software-testing/Software-testing/src/internal/bl/auth/authService.go:80\nannotater/internal/tests/unit_test.(*AuthServiceSuite).Test_AuthService_Auth.func4\n\t/home/runner/work/Software-testing/Software-testing/src/internal/tests/unit/authService_test.go:124\ngithub.com/ozontech/allure-go/pkg/framework/core/common.(*Common).WithNewStep\n\t/home/runner/go/pkg/mod/github.com/ozontech/allure-go/pkg/framework@v0.6.32/core/common/steps.go:27\nannotater/internal/tests/unit_test.(*AuthServiceSuite).Test_AuthService_Auth\n\t/home/runner/work/Software-testing/Software-testing/src/internal/tests/unit/authService_test.go:109\nreflect.Value.call\n\t/opt/hostedtoolcache/go/1.22.2/x64/src/reflect/value.go:596\nreflect.Value.Call\n\t/opt/hostedtoolcache/go/1.22.2/x64/src/reflect/value.go:380\ngithub.com/ozontech/allure-go/pkg/framework/runner.(*testMethod).GetBody.func1\n\t/home/runner/go/pkg/mod/github.com/ozontech/allure-go/pkg/framework@v0.6.32/runner/tests.go:155\ngithub.com/ozontech/allure-go/pkg/framework/runner.(*runner).RunTests.func1.3.1\n\t/home/runner/go/pkg/mod/github.com/ozontech/allure-go/pkg/framework@v0.6.32/runner/runner.go:206\ntesting.tRunner\n\t/opt/hostedtoolcache/go/1.22.2/x64/src/testing/testing.go:1689\nruntime.goexit\n\t/opt/hostedtoolcache/go/1.22.2/x64/src/runtime/asm_amd64.s:1695"}]},{"name":"ASSERT: Equal","status":"passed","start":1729280124860,"stop":1729280124860,"parameters":[{"name":"Expected","value":"\"auth svc - error for user with login login: error in creating user: \""},{"name":"Actual","value":"\"auth svc - error for user with login login: error in creating user: \""}]}],"parameters":[{"name":"Candidate","value":"{ID:0 Login:login Password:passed Name:default name Surname:default surname Role:0 Group:default group}"},{"name":"err","value":"\nannotater/internal/tests/unit_test.(*AuthServiceSuite).Test_AuthService_Auth.func3\n\t/home/runner/work/Software-testing/Software-testing/src/internal/tests/unit/authService_test.go:97\nannotater/internal/tests/unit_test.(*AuthServiceSuite).Test_AuthService_Auth.func4\n\t/home/runner/work/Software-testing/Software-testing/src/internal/tests/unit/authService_test.go:114\ngithub.com/ozontech/allure-go/pkg/framework/core/common.(*Common).WithNewStep\n\t/home/runner/go/pkg/mod/github.com/ozontech/allure-go/pkg/framework@v0.6.32/core/common/steps.go:27\nannotater/internal/tests/unit_test.(*AuthServiceSuite).Test_AuthService_Auth\n\t/home/runner/work/Software-testing/Software-testing/src/internal/tests/unit/authService_test.go:109\nreflect.Value.call\n\t/opt/hostedtoolcache/go/1.22.2/x64/src/reflect/value.go:596\nreflect.Value.Call\n\t/opt/hostedtoolcache/go/1.22.2/x64/src/reflect/value.go:380\ngithub.com/ozontech/allure-go/pkg/framework/runner.(*testMethod).GetBody.func1\n\t/home/runner/go/pkg/mod/github.com/ozontech/allure-go/pkg/framework@v0.6.32/runner/tests.go:155\ngithub.com/ozontech/allure-go/pkg/framework/runner.(*runner).RunTests.func1.3.1\n\t/home/runner/go/pkg/mod/github.com/ozontech/allure-go/pkg/framework@v0.6.32/runner/runner.go:206\ntesting.tRunner\n\t/opt/hostedtoolcache/go/1.22.2/x64/src/testing/testing.go:1689\nruntime.goexit\n\t/opt/hostedtoolcache/go/1.22.2/x64/src/runtime/asm_amd64.s:1695\nerror in creating user\nannotater/internal/bl/auth.(*AuthService).SignUp\n\t/home/runner/work/Software-testing/Software-testing/src/internal/bl/auth/authService.go:79\nannotater/internal/tests/unit_test.(*AuthServiceSuite).Test_AuthService_Auth.func4\n\t/home/runner/work/Software-testing/Software-testing/src/internal/tests/unit/authService_test.go:124\ngithub.com/ozontech/allure-go/pkg/framework/core/common.(*Common).WithNewStep\n\t/home/runner/go/pkg/mod/github.com/ozontech/allure-go/pkg/framework@v0.6.32/core/common/steps.go:27\nannotater/internal/tests/unit_test.(*AuthServiceSuite).Test_AuthService_Auth\n\t/home/runner/work/Software-testing/Software-testing/src/internal/tests/unit/authService_test.go:109\nreflect.Value.call\n\t/opt/hostedtoolcache/go/1.22.2/x64/src/reflect/value.go:596\nreflect.Value.Call\n\t/opt/hostedtoolcache/go/1.22.2/x64/src/reflect/value.go:380\ngithub.com/ozontech/allure-go/pkg/framework/runner.(*testMethod).GetBody.func1\n\t/home/runner/go/pkg/mod/github.com/ozontech/allure-go/pkg/framework@v0.6.32/runner/tests.go:155\ngithub.com/ozontech/allure-go/pkg/framework/runner.(*runner).RunTests.func1.3.1\n\t/home/runner/go/pkg/mod/github.com/ozontech/allure-go/pkg/framework@v0.6.32/runner/runner.go:206\ntesting.tRunner\n\t/opt/hostedtoolcache/go/1.22.2/x64/src/testing/testing.go:1689\nruntime.goexit\n\t/opt/hostedtoolcache/go/1.22.2/x64/src/runtime/asm_amd64.s:1695\nauth svc - error for user with login login\nannotater/internal/bl/auth.(*AuthService).SignUp\n\t/home/runner/work/Software-testing/Software-testing/src/internal/bl/auth/authService.go:80\nannotater/internal/tests/unit_test.(*AuthServiceSuite).Test_AuthService_Auth.func4\n\t/home/runner/work/Software-testing/Software-testing/src/internal/tests/unit/authService_test.go:124\ngithub.com/ozontech/allure-go/pkg/framework/core/common.(*Common).WithNewStep\n\t/home/runner/go/pkg/mod/github.com/ozontech/allure-go/pkg/framework@v0.6.32/core/common/steps.go:27\nannotater/internal/tests/unit_test.(*AuthServiceSuite).Test_AuthService_Auth\n\t/home/runner/work/Software-testing/Software-testing/src/internal/tests/unit/authService_test.go:109\nreflect.Value.call\n\t/opt/hostedtoolcache/go/1.22.2/x64/src/reflect/value.go:596\nreflect.Value.Call\n\t/opt/hostedtoolcache/go/1.22.2/x64/src/reflect/value.go:380\ngithub.com/ozontech/allure-go/pkg/framework/runner.(*testMethod).GetBody.func1\n\t/home/runner/go/pkg/mod/github.com/ozontech/allure-go/pkg/framework@v0.6.32/runner/tests.go:155\ngithub.com/ozontech/allure-go/pkg/framework/runner.(*runner).RunTests.func1.3.1\n\t/home/runner/go/pkg/mod/github.com/ozontech/allure-go/pkg/framework@v0.6.32/runner/runner.go:206\ntesting.tRunner\n\t/opt/hostedtoolcache/go/1.22.2/x64/src/testing/testing.go:1689\nruntime.goexit\n\t/opt/hostedtoolcache/go/1.22.2/x64/src/runtime/asm_amd64.s:1695"}]}]}