{"uid":"ac2bd524a6af733","name":"Auth","fullName":"TestAuthServiceSuiteRunner/AuthServiceSuite/Test_AuthService_Auth","historyId":"fbe02fda1ea4aee0fa0c8c367b9ba703","time":{"start":1729629929398,"stop":1729629929399,"duration":1},"status":"passed","statusMessage":"","statusTrace":"","flaky":false,"newFailed":false,"newBroken":false,"newPassed":false,"retriesCount":0,"retriesStatusChange":false,"beforeStages":[],"testStage":{"status":"passed","statusMessage":"","statusTrace":"","steps":[{"name":"Valid Created User","time":{"start":1729629929398,"stop":1729629929398,"duration":0},"status":"passed","steps":[{"name":"ASSERT: No Error","time":{"start":1729629929398,"stop":1729629929398,"duration":0},"status":"passed","steps":[],"attachments":[],"parameters":[{"name":"Actual","value":"<nil>"}],"shouldDisplayMessage":false,"stepsCount":0,"attachmentsCount":0,"hasContent":true}],"attachments":[],"parameters":[{"name":"Candidate","value":"{ID:0 Login:login Password:passed Name:default name Surname:default surname Role:0 Group:default group}"},{"name":"err","value":"<nil>"}],"shouldDisplayMessage":false,"stepsCount":1,"attachmentsCount":0,"hasContent":true},{"name":"No login","time":{"start":1729629929398,"stop":1729629929399,"duration":1},"status":"passed","steps":[{"name":"ASSERT: Error","time":{"start":1729629929398,"stop":1729629929398,"duration":0},"status":"passed","steps":[],"attachments":[],"parameters":[{"name":"Actual","value":"login cannot be empty\nauth svc - error for user with login \nannotater/internal/bl/auth.(*AuthService).SignUp\n\t/home/runner/work/Software-testing/Software-testing/src/internal/bl/auth/authService.go:56\nannotater/internal/tests/unit_test.(*AuthServiceSuite).Test_AuthService_Auth.func4\n\t/home/runner/work/Software-testing/Software-testing/src/internal/tests/unit/authService_test.go:124\ngithub.com/ozontech/allure-go/pkg/framework/core/common.(*Common).WithNewStep\n\t/home/runner/go/pkg/mod/github.com/ozontech/allure-go/pkg/framework@v0.6.32/core/common/steps.go:27\nannotater/internal/tests/unit_test.(*AuthServiceSuite).Test_AuthService_Auth\n\t/home/runner/work/Software-testing/Software-testing/src/internal/tests/unit/authService_test.go:109\nreflect.Value.call\n\t/opt/hostedtoolcache/go/1.22.2/x64/src/reflect/value.go:596\nreflect.Value.Call\n\t/opt/hostedtoolcache/go/1.22.2/x64/src/reflect/value.go:380\ngithub.com/ozontech/allure-go/pkg/framework/runner.(*testMethod).GetBody.func1\n\t/home/runner/go/pkg/mod/github.com/ozontech/allure-go/pkg/framework@v0.6.32/runner/tests.go:155\ngithub.com/ozontech/allure-go/pkg/framework/runner.(*runner).RunTests.func1.3.1\n\t/home/runner/go/pkg/mod/github.com/ozontech/allure-go/pkg/framework@v0.6.32/runner/runner.go:206\ntesting.tRunner\n\t/opt/hostedtoolcache/go/1.22.2/x64/src/testing/testing.go:1689\nruntime.goexit\n\t/opt/hostedtoolcache/go/1.22.2/x64/src/runtime/asm_amd64.s:1695"}],"shouldDisplayMessage":false,"stepsCount":0,"attachmentsCount":0,"hasContent":true},{"name":"ASSERT: Equal","time":{"start":1729629929399,"stop":1729629929399,"duration":0},"status":"passed","steps":[],"attachments":[],"parameters":[{"name":"Expected","value":"\"auth svc - error for user with login : login cannot be empty\""},{"name":"Actual","value":"\"auth svc - error for user with login : login cannot be empty\""}],"shouldDisplayMessage":false,"stepsCount":0,"attachmentsCount":0,"hasContent":true}],"attachments":[],"parameters":[{"name":"Candidate","value":"{ID:0 Login: Password:passed Name:default name Surname:default surname Role:0 Group:default group}"},{"name":"err","value":"login cannot be empty\nauth svc - error for user with login \nannotater/internal/bl/auth.(*AuthService).SignUp\n\t/home/runner/work/Software-testing/Software-testing/src/internal/bl/auth/authService.go:56\nannotater/internal/tests/unit_test.(*AuthServiceSuite).Test_AuthService_Auth.func4\n\t/home/runner/work/Software-testing/Software-testing/src/internal/tests/unit/authService_test.go:124\ngithub.com/ozontech/allure-go/pkg/framework/core/common.(*Common).WithNewStep\n\t/home/runner/go/pkg/mod/github.com/ozontech/allure-go/pkg/framework@v0.6.32/core/common/steps.go:27\nannotater/internal/tests/unit_test.(*AuthServiceSuite).Test_AuthService_Auth\n\t/home/runner/work/Software-testing/Software-testing/src/internal/tests/unit/authService_test.go:109\nreflect.Value.call\n\t/opt/hostedtoolcache/go/1.22.2/x64/src/reflect/value.go:596\nreflect.Value.Call\n\t/opt/hostedtoolcache/go/1.22.2/x64/src/reflect/value.go:380\ngithub.com/ozontech/allure-go/pkg/framework/runner.(*testMethod).GetBody.func1\n\t/home/runner/go/pkg/mod/github.com/ozontech/allure-go/pkg/framework@v0.6.32/runner/tests.go:155\ngithub.com/ozontech/allure-go/pkg/framework/runner.(*runner).RunTests.func1.3.1\n\t/home/runner/go/pkg/mod/github.com/ozontech/allure-go/pkg/framework@v0.6.32/runner/runner.go:206\ntesting.tRunner\n\t/opt/hostedtoolcache/go/1.22.2/x64/src/testing/testing.go:1689\nruntime.goexit\n\t/opt/hostedtoolcache/go/1.22.2/x64/src/runtime/asm_amd64.s:1695"}],"shouldDisplayMessage":false,"stepsCount":2,"attachmentsCount":0,"hasContent":true},{"name":"No Passwd","time":{"start":1729629929399,"stop":1729629929399,"duration":0},"status":"passed","steps":[{"name":"ASSERT: Error","time":{"start":1729629929399,"stop":1729629929399,"duration":0},"status":"passed","steps":[],"attachments":[],"parameters":[{"name":"Actual","value":"password cannot be empty\nauth svc - error for user with login login\nannotater/internal/bl/auth.(*AuthService).SignUp\n\t/home/runner/work/Software-testing/Software-testing/src/internal/bl/auth/authService.go:62\nannotater/internal/tests/unit_test.(*AuthServiceSuite).Test_AuthService_Auth.func4\n\t/home/runner/work/Software-testing/Software-testing/src/internal/tests/unit/authService_test.go:124\ngithub.com/ozontech/allure-go/pkg/framework/core/common.(*Common).WithNewStep\n\t/home/runner/go/pkg/mod/github.com/ozontech/allure-go/pkg/framework@v0.6.32/core/common/steps.go:27\nannotater/internal/tests/unit_test.(*AuthServiceSuite).Test_AuthService_Auth\n\t/home/runner/work/Software-testing/Software-testing/src/internal/tests/unit/authService_test.go:109\nreflect.Value.call\n\t/opt/hostedtoolcache/go/1.22.2/x64/src/reflect/value.go:596\nreflect.Value.Call\n\t/opt/hostedtoolcache/go/1.22.2/x64/src/reflect/value.go:380\ngithub.com/ozontech/allure-go/pkg/framework/runner.(*testMethod).GetBody.func1\n\t/home/runner/go/pkg/mod/github.com/ozontech/allure-go/pkg/framework@v0.6.32/runner/tests.go:155\ngithub.com/ozontech/allure-go/pkg/framework/runner.(*runner).RunTests.func1.3.1\n\t/home/runner/go/pkg/mod/github.com/ozontech/allure-go/pkg/framework@v0.6.32/runner/runner.go:206\ntesting.tRunner\n\t/opt/hostedtoolcache/go/1.22.2/x64/src/testing/testing.go:1689\nruntime.goexit\n\t/opt/hostedtoolcache/go/1.22.2/x64/src/runtime/asm_amd64.s:1695"}],"shouldDisplayMessage":false,"stepsCount":0,"attachmentsCount":0,"hasContent":true},{"name":"ASSERT: Equal","time":{"start":1729629929399,"stop":1729629929399,"duration":0},"status":"passed","steps":[],"attachments":[],"parameters":[{"name":"Expected","value":"\"auth svc - error for user with login login: password cannot be empty\""},{"name":"Actual","value":"\"auth svc - error for user with login login: password cannot be empty\""}],"shouldDisplayMessage":false,"stepsCount":0,"attachmentsCount":0,"hasContent":true}],"attachments":[],"parameters":[{"name":"Candidate","value":"{ID:0 Login:login Password: Name:default name Surname:default surname Role:0 Group:default group}"},{"name":"err","value":"password cannot be empty\nauth svc - error for user with login login\nannotater/internal/bl/auth.(*AuthService).SignUp\n\t/home/runner/work/Software-testing/Software-testing/src/internal/bl/auth/authService.go:62\nannotater/internal/tests/unit_test.(*AuthServiceSuite).Test_AuthService_Auth.func4\n\t/home/runner/work/Software-testing/Software-testing/src/internal/tests/unit/authService_test.go:124\ngithub.com/ozontech/allure-go/pkg/framework/core/common.(*Common).WithNewStep\n\t/home/runner/go/pkg/mod/github.com/ozontech/allure-go/pkg/framework@v0.6.32/core/common/steps.go:27\nannotater/internal/tests/unit_test.(*AuthServiceSuite).Test_AuthService_Auth\n\t/home/runner/work/Software-testing/Software-testing/src/internal/tests/unit/authService_test.go:109\nreflect.Value.call\n\t/opt/hostedtoolcache/go/1.22.2/x64/src/reflect/value.go:596\nreflect.Value.Call\n\t/opt/hostedtoolcache/go/1.22.2/x64/src/reflect/value.go:380\ngithub.com/ozontech/allure-go/pkg/framework/runner.(*testMethod).GetBody.func1\n\t/home/runner/go/pkg/mod/github.com/ozontech/allure-go/pkg/framework@v0.6.32/runner/tests.go:155\ngithub.com/ozontech/allure-go/pkg/framework/runner.(*runner).RunTests.func1.3.1\n\t/home/runner/go/pkg/mod/github.com/ozontech/allure-go/pkg/framework@v0.6.32/runner/runner.go:206\ntesting.tRunner\n\t/opt/hostedtoolcache/go/1.22.2/x64/src/testing/testing.go:1689\nruntime.goexit\n\t/opt/hostedtoolcache/go/1.22.2/x64/src/runtime/asm_amd64.s:1695"}],"shouldDisplayMessage":false,"stepsCount":2,"attachmentsCount":0,"hasContent":true},{"name":"Hash error","time":{"start":1729629929399,"stop":1729629929399,"duration":0},"status":"passed","steps":[{"name":"ASSERT: Error","time":{"start":1729629929399,"stop":1729629929399,"duration":0},"status":"passed","steps":[],"attachments":[],"parameters":[{"name":"Actual","value":"\nerror in generating passwdHash for user\nannotater/internal/bl/auth.(*AuthService).SignUp\n\t/home/runner/work/Software-testing/Software-testing/src/internal/bl/auth/authService.go:69\nannotater/internal/tests/unit_test.(*AuthServiceSuite).Test_AuthService_Auth.func4\n\t/home/runner/work/Software-testing/Software-testing/src/internal/tests/unit/authService_test.go:124\ngithub.com/ozontech/allure-go/pkg/framework/core/common.(*Common).WithNewStep\n\t/home/runner/go/pkg/mod/github.com/ozontech/allure-go/pkg/framework@v0.6.32/core/common/steps.go:27\nannotater/internal/tests/unit_test.(*AuthServiceSuite).Test_AuthService_Auth\n\t/home/runner/work/Software-testing/Software-testing/src/internal/tests/unit/authService_test.go:109\nreflect.Value.call\n\t/opt/hostedtoolcache/go/1.22.2/x64/src/reflect/value.go:596\nreflect.Value.Call\n\t/opt/hostedtoolcache/go/1.22.2/x64/src/reflect/value.go:380\ngithub.com/ozontech/allure-go/pkg/framework/runner.(*testMethod).GetBody.func1\n\t/home/runner/go/pkg/mod/github.com/ozontech/allure-go/pkg/framework@v0.6.32/runner/tests.go:155\ngithub.com/ozontech/allure-go/pkg/framework/runner.(*runner).RunTests.func1.3.1\n\t/home/runner/go/pkg/mod/github.com/ozontech/allure-go/pkg/framework@v0.6.32/runner/runner.go:206\ntesting.tRunner\n\t/opt/hostedtoolcache/go/1.22.2/x64/src/testing/testing.go:1689\nruntime.goexit\n\t/opt/hostedtoolcache/go/1.22.2/x64/src/runtime/asm_amd64.s:1695\nauth svc - error for user with login login\nannotater/internal/bl/auth.(*AuthService).SignUp\n\t/home/runner/work/Software-testing/Software-testing/src/internal/bl/auth/authService.go:70\nannotater/internal/tests/unit_test.(*AuthServiceSuite).Test_AuthService_Auth.func4\n\t/home/runner/work/Software-testing/Software-testing/src/internal/tests/unit/authService_test.go:124\ngithub.com/ozontech/allure-go/pkg/framework/core/common.(*Common).WithNewStep\n\t/home/runner/go/pkg/mod/github.com/ozontech/allure-go/pkg/framework@v0.6.32/core/common/steps.go:27\nannotater/internal/tests/unit_test.(*AuthServiceSuite).Test_AuthService_Auth\n\t/home/runner/work/Software-testing/Software-testing/src/internal/tests/unit/authService_test.go:109\nreflect.Value.call\n\t/opt/hostedtoolcache/go/1.22.2/x64/src/reflect/value.go:596\nreflect.Value.Call\n\t/opt/hostedtoolcache/go/1.22.2/x64/src/reflect/value.go:380\ngithub.com/ozontech/allure-go/pkg/framework/runner.(*testMethod).GetBody.func1\n\t/home/runner/go/pkg/mod/github.com/ozontech/allure-go/pkg/framework@v0.6.32/runner/tests.go:155\ngithub.com/ozontech/allure-go/pkg/framework/runner.(*runner).RunTests.func1.3.1\n\t/home/runner/go/pkg/mod/github.com/ozontech/allure-go/pkg/framework@v0.6.32/runner/runner.go:206\ntesting.tRunner\n\t/opt/hostedtoolcache/go/1.22.2/x64/src/testing/testing.go:1689\nruntime.goexit\n\t/opt/hostedtoolcache/go/1.22.2/x64/src/runtime/asm_amd64.s:1695"}],"shouldDisplayMessage":false,"stepsCount":0,"attachmentsCount":0,"hasContent":true},{"name":"ASSERT: Equal","time":{"start":1729629929399,"stop":1729629929399,"duration":0},"status":"passed","steps":[],"attachments":[],"parameters":[{"name":"Expected","value":"\"auth svc - error for user with login login: error in generating passwdHash for user: \""},{"name":"Actual","value":"\"auth svc - error for user with login login: error in generating passwdHash for user: \""}],"shouldDisplayMessage":false,"stepsCount":0,"attachmentsCount":0,"hasContent":true}],"attachments":[],"parameters":[{"name":"Candidate","value":"{ID:0 Login:login Password:passed Name:default name Surname:default surname Role:0 Group:default group}"},{"name":"err","value":"\nerror in generating passwdHash for user\nannotater/internal/bl/auth.(*AuthService).SignUp\n\t/home/runner/work/Software-testing/Software-testing/src/internal/bl/auth/authService.go:69\nannotater/internal/tests/unit_test.(*AuthServiceSuite).Test_AuthService_Auth.func4\n\t/home/runner/work/Software-testing/Software-testing/src/internal/tests/unit/authService_test.go:124\ngithub.com/ozontech/allure-go/pkg/framework/core/common.(*Common).WithNewStep\n\t/home/runner/go/pkg/mod/github.com/ozontech/allure-go/pkg/framework@v0.6.32/core/common/steps.go:27\nannotater/internal/tests/unit_test.(*AuthServiceSuite).Test_AuthService_Auth\n\t/home/runner/work/Software-testing/Software-testing/src/internal/tests/unit/authService_test.go:109\nreflect.Value.call\n\t/opt/hostedtoolcache/go/1.22.2/x64/src/reflect/value.go:596\nreflect.Value.Call\n\t/opt/hostedtoolcache/go/1.22.2/x64/src/reflect/value.go:380\ngithub.com/ozontech/allure-go/pkg/framework/runner.(*testMethod).GetBody.func1\n\t/home/runner/go/pkg/mod/github.com/ozontech/allure-go/pkg/framework@v0.6.32/runner/tests.go:155\ngithub.com/ozontech/allure-go/pkg/framework/runner.(*runner).RunTests.func1.3.1\n\t/home/runner/go/pkg/mod/github.com/ozontech/allure-go/pkg/framework@v0.6.32/runner/runner.go:206\ntesting.tRunner\n\t/opt/hostedtoolcache/go/1.22.2/x64/src/testing/testing.go:1689\nruntime.goexit\n\t/opt/hostedtoolcache/go/1.22.2/x64/src/runtime/asm_amd64.s:1695\nauth svc - error for user with login login\nannotater/internal/bl/auth.(*AuthService).SignUp\n\t/home/runner/work/Software-testing/Software-testing/src/internal/bl/auth/authService.go:70\nannotater/internal/tests/unit_test.(*AuthServiceSuite).Test_AuthService_Auth.func4\n\t/home/runner/work/Software-testing/Software-testing/src/internal/tests/unit/authService_test.go:124\ngithub.com/ozontech/allure-go/pkg/framework/core/common.(*Common).WithNewStep\n\t/home/runner/go/pkg/mod/github.com/ozontech/allure-go/pkg/framework@v0.6.32/core/common/steps.go:27\nannotater/internal/tests/unit_test.(*AuthServiceSuite).Test_AuthService_Auth\n\t/home/runner/work/Software-testing/Software-testing/src/internal/tests/unit/authService_test.go:109\nreflect.Value.call\n\t/opt/hostedtoolcache/go/1.22.2/x64/src/reflect/value.go:596\nreflect.Value.Call\n\t/opt/hostedtoolcache/go/1.22.2/x64/src/reflect/value.go:380\ngithub.com/ozontech/allure-go/pkg/framework/runner.(*testMethod).GetBody.func1\n\t/home/runner/go/pkg/mod/github.com/ozontech/allure-go/pkg/framework@v0.6.32/runner/tests.go:155\ngithub.com/ozontech/allure-go/pkg/framework/runner.(*runner).RunTests.func1.3.1\n\t/home/runner/go/pkg/mod/github.com/ozontech/allure-go/pkg/framework@v0.6.32/runner/runner.go:206\ntesting.tRunner\n\t/opt/hostedtoolcache/go/1.22.2/x64/src/testing/testing.go:1689\nruntime.goexit\n\t/opt/hostedtoolcache/go/1.22.2/x64/src/runtime/asm_amd64.s:1695"}],"shouldDisplayMessage":false,"stepsCount":2,"attachmentsCount":0,"hasContent":true},{"name":"CreateUser error","time":{"start":1729629929399,"stop":1729629929399,"duration":0},"status":"passed","steps":[{"name":"ASSERT: Error","time":{"start":1729629929399,"stop":1729629929399,"duration":0},"status":"passed","steps":[],"attachments":[],"parameters":[{"name":"Actual","value":"\nannotater/internal/tests/unit_test.(*AuthServiceSuite).Test_AuthService_Auth.func3\n\t/home/runner/work/Software-testing/Software-testing/src/internal/tests/unit/authService_test.go:97\nannotater/internal/tests/unit_test.(*AuthServiceSuite).Test_AuthService_Auth.func4\n\t/home/runner/work/Software-testing/Software-testing/src/internal/tests/unit/authService_test.go:114\ngithub.com/ozontech/allure-go/pkg/framework/core/common.(*Common).WithNewStep\n\t/home/runner/go/pkg/mod/github.com/ozontech/allure-go/pkg/framework@v0.6.32/core/common/steps.go:27\nannotater/internal/tests/unit_test.(*AuthServiceSuite).Test_AuthService_Auth\n\t/home/runner/work/Software-testing/Software-testing/src/internal/tests/unit/authService_test.go:109\nreflect.Value.call\n\t/opt/hostedtoolcache/go/1.22.2/x64/src/reflect/value.go:596\nreflect.Value.Call\n\t/opt/hostedtoolcache/go/1.22.2/x64/src/reflect/value.go:380\ngithub.com/ozontech/allure-go/pkg/framework/runner.(*testMethod).GetBody.func1\n\t/home/runner/go/pkg/mod/github.com/ozontech/allure-go/pkg/framework@v0.6.32/runner/tests.go:155\ngithub.com/ozontech/allure-go/pkg/framework/runner.(*runner).RunTests.func1.3.1\n\t/home/runner/go/pkg/mod/github.com/ozontech/allure-go/pkg/framework@v0.6.32/runner/runner.go:206\ntesting.tRunner\n\t/opt/hostedtoolcache/go/1.22.2/x64/src/testing/testing.go:1689\nruntime.goexit\n\t/opt/hostedtoolcache/go/1.22.2/x64/src/runtime/asm_amd64.s:1695\nerror in creating user\nannotater/internal/bl/auth.(*AuthService).SignUp\n\t/home/runner/work/Software-testing/Software-testing/src/internal/bl/auth/authService.go:79\nannotater/internal/tests/unit_test.(*AuthServiceSuite).Test_AuthService_Auth.func4\n\t/home/runner/work/Software-testing/Software-testing/src/internal/tests/unit/authService_test.go:124\ngithub.com/ozontech/allure-go/pkg/framework/core/common.(*Common).WithNewStep\n\t/home/runner/go/pkg/mod/github.com/ozontech/allure-go/pkg/framework@v0.6.32/core/common/steps.go:27\nannotater/internal/tests/unit_test.(*AuthServiceSuite).Test_AuthService_Auth\n\t/home/runner/work/Software-testing/Software-testing/src/internal/tests/unit/authService_test.go:109\nreflect.Value.call\n\t/opt/hostedtoolcache/go/1.22.2/x64/src/reflect/value.go:596\nreflect.Value.Call\n\t/opt/hostedtoolcache/go/1.22.2/x64/src/reflect/value.go:380\ngithub.com/ozontech/allure-go/pkg/framework/runner.(*testMethod).GetBody.func1\n\t/home/runner/go/pkg/mod/github.com/ozontech/allure-go/pkg/framework@v0.6.32/runner/tests.go:155\ngithub.com/ozontech/allure-go/pkg/framework/runner.(*runner).RunTests.func1.3.1\n\t/home/runner/go/pkg/mod/github.com/ozontech/allure-go/pkg/framework@v0.6.32/runner/runner.go:206\ntesting.tRunner\n\t/opt/hostedtoolcache/go/1.22.2/x64/src/testing/testing.go:1689\nruntime.goexit\n\t/opt/hostedtoolcache/go/1.22.2/x64/src/runtime/asm_amd64.s:1695\nauth svc - error for user with login login\nannotater/internal/bl/auth.(*AuthService).SignUp\n\t/home/runner/work/Software-testing/Software-testing/src/internal/bl/auth/authService.go:80\nannotater/internal/tests/unit_test.(*AuthServiceSuite).Test_AuthService_Auth.func4\n\t/home/runner/work/Software-testing/Software-testing/src/internal/tests/unit/authService_test.go:124\ngithub.com/ozontech/allure-go/pkg/framework/core/common.(*Common).WithNewStep\n\t/home/runner/go/pkg/mod/github.com/ozontech/allure-go/pkg/framework@v0.6.32/core/common/steps.go:27\nannotater/internal/tests/unit_test.(*AuthServiceSuite).Test_AuthService_Auth\n\t/home/runner/work/Software-testing/Software-testing/src/internal/tests/unit/authService_test.go:109\nreflect.Value.call\n\t/opt/hostedtoolcache/go/1.22.2/x64/src/reflect/value.go:596\nreflect.Value.Call\n\t/opt/hostedtoolcache/go/1.22.2/x64/src/reflect/value.go:380\ngithub.com/ozontech/allure-go/pkg/framework/runner.(*testMethod).GetBody.func1\n\t/home/runner/go/pkg/mod/github.com/ozontech/allure-go/pkg/framework@v0.6.32/runner/tests.go:155\ngithub.com/ozontech/allure-go/pkg/framework/runner.(*runner).RunTests.func1.3.1\n\t/home/runner/go/pkg/mod/github.com/ozontech/allure-go/pkg/framework@v0.6.32/runner/runner.go:206\ntesting.tRunner\n\t/opt/hostedtoolcache/go/1.22.2/x64/src/testing/testing.go:1689\nruntime.goexit\n\t/opt/hostedtoolcache/go/1.22.2/x64/src/runtime/asm_amd64.s:1695"}],"shouldDisplayMessage":false,"stepsCount":0,"attachmentsCount":0,"hasContent":true},{"name":"ASSERT: Equal","time":{"start":1729629929399,"stop":1729629929399,"duration":0},"status":"passed","steps":[],"attachments":[],"parameters":[{"name":"Expected","value":"\"auth svc - error for user with login login: error in creating user: \""},{"name":"Actual","value":"\"auth svc - error for user with login login: error in creating user: \""}],"shouldDisplayMessage":false,"stepsCount":0,"attachmentsCount":0,"hasContent":true}],"attachments":[],"parameters":[{"name":"Candidate","value":"{ID:0 Login:login Password:passed Name:default name Surname:default surname Role:0 Group:default group}"},{"name":"err","value":"\nannotater/internal/tests/unit_test.(*AuthServiceSuite).Test_AuthService_Auth.func3\n\t/home/runner/work/Software-testing/Software-testing/src/internal/tests/unit/authService_test.go:97\nannotater/internal/tests/unit_test.(*AuthServiceSuite).Test_AuthService_Auth.func4\n\t/home/runner/work/Software-testing/Software-testing/src/internal/tests/unit/authService_test.go:114\ngithub.com/ozontech/allure-go/pkg/framework/core/common.(*Common).WithNewStep\n\t/home/runner/go/pkg/mod/github.com/ozontech/allure-go/pkg/framework@v0.6.32/core/common/steps.go:27\nannotater/internal/tests/unit_test.(*AuthServiceSuite).Test_AuthService_Auth\n\t/home/runner/work/Software-testing/Software-testing/src/internal/tests/unit/authService_test.go:109\nreflect.Value.call\n\t/opt/hostedtoolcache/go/1.22.2/x64/src/reflect/value.go:596\nreflect.Value.Call\n\t/opt/hostedtoolcache/go/1.22.2/x64/src/reflect/value.go:380\ngithub.com/ozontech/allure-go/pkg/framework/runner.(*testMethod).GetBody.func1\n\t/home/runner/go/pkg/mod/github.com/ozontech/allure-go/pkg/framework@v0.6.32/runner/tests.go:155\ngithub.com/ozontech/allure-go/pkg/framework/runner.(*runner).RunTests.func1.3.1\n\t/home/runner/go/pkg/mod/github.com/ozontech/allure-go/pkg/framework@v0.6.32/runner/runner.go:206\ntesting.tRunner\n\t/opt/hostedtoolcache/go/1.22.2/x64/src/testing/testing.go:1689\nruntime.goexit\n\t/opt/hostedtoolcache/go/1.22.2/x64/src/runtime/asm_amd64.s:1695\nerror in creating user\nannotater/internal/bl/auth.(*AuthService).SignUp\n\t/home/runner/work/Software-testing/Software-testing/src/internal/bl/auth/authService.go:79\nannotater/internal/tests/unit_test.(*AuthServiceSuite).Test_AuthService_Auth.func4\n\t/home/runner/work/Software-testing/Software-testing/src/internal/tests/unit/authService_test.go:124\ngithub.com/ozontech/allure-go/pkg/framework/core/common.(*Common).WithNewStep\n\t/home/runner/go/pkg/mod/github.com/ozontech/allure-go/pkg/framework@v0.6.32/core/common/steps.go:27\nannotater/internal/tests/unit_test.(*AuthServiceSuite).Test_AuthService_Auth\n\t/home/runner/work/Software-testing/Software-testing/src/internal/tests/unit/authService_test.go:109\nreflect.Value.call\n\t/opt/hostedtoolcache/go/1.22.2/x64/src/reflect/value.go:596\nreflect.Value.Call\n\t/opt/hostedtoolcache/go/1.22.2/x64/src/reflect/value.go:380\ngithub.com/ozontech/allure-go/pkg/framework/runner.(*testMethod).GetBody.func1\n\t/home/runner/go/pkg/mod/github.com/ozontech/allure-go/pkg/framework@v0.6.32/runner/tests.go:155\ngithub.com/ozontech/allure-go/pkg/framework/runner.(*runner).RunTests.func1.3.1\n\t/home/runner/go/pkg/mod/github.com/ozontech/allure-go/pkg/framework@v0.6.32/runner/runner.go:206\ntesting.tRunner\n\t/opt/hostedtoolcache/go/1.22.2/x64/src/testing/testing.go:1689\nruntime.goexit\n\t/opt/hostedtoolcache/go/1.22.2/x64/src/runtime/asm_amd64.s:1695\nauth svc - error for user with login login\nannotater/internal/bl/auth.(*AuthService).SignUp\n\t/home/runner/work/Software-testing/Software-testing/src/internal/bl/auth/authService.go:80\nannotater/internal/tests/unit_test.(*AuthServiceSuite).Test_AuthService_Auth.func4\n\t/home/runner/work/Software-testing/Software-testing/src/internal/tests/unit/authService_test.go:124\ngithub.com/ozontech/allure-go/pkg/framework/core/common.(*Common).WithNewStep\n\t/home/runner/go/pkg/mod/github.com/ozontech/allure-go/pkg/framework@v0.6.32/core/common/steps.go:27\nannotater/internal/tests/unit_test.(*AuthServiceSuite).Test_AuthService_Auth\n\t/home/runner/work/Software-testing/Software-testing/src/internal/tests/unit/authService_test.go:109\nreflect.Value.call\n\t/opt/hostedtoolcache/go/1.22.2/x64/src/reflect/value.go:596\nreflect.Value.Call\n\t/opt/hostedtoolcache/go/1.22.2/x64/src/reflect/value.go:380\ngithub.com/ozontech/allure-go/pkg/framework/runner.(*testMethod).GetBody.func1\n\t/home/runner/go/pkg/mod/github.com/ozontech/allure-go/pkg/framework@v0.6.32/runner/tests.go:155\ngithub.com/ozontech/allure-go/pkg/framework/runner.(*runner).RunTests.func1.3.1\n\t/home/runner/go/pkg/mod/github.com/ozontech/allure-go/pkg/framework@v0.6.32/runner/runner.go:206\ntesting.tRunner\n\t/opt/hostedtoolcache/go/1.22.2/x64/src/testing/testing.go:1689\nruntime.goexit\n\t/opt/hostedtoolcache/go/1.22.2/x64/src/runtime/asm_amd64.s:1695"}],"shouldDisplayMessage":false,"stepsCount":2,"attachmentsCount":0,"hasContent":true}],"attachments":[],"parameters":[],"shouldDisplayMessage":true,"stepsCount":14,"attachmentsCount":0,"hasContent":true},"afterStages":[],"labels":[{"name":"language","value":"go1.22.2"},{"name":"framework","value":"Allure-Go@v0.6.0"},{"name":"host","value":"fv-az1425-91"},{"name":"thread","value":"TestAuthServiceSuiteRunner/AuthServiceSuite/Test_AuthService_Auth"},{"name":"suite","value":"AuthServiceSuite"},{"name":"package","value":"annotater/internal/tests/unit_test"},{"name":"tag","value":"auth"},{"name":"tag","value":"auth"},{"name":"tag","value":"auth"},{"name":"tag","value":"auth"},{"name":"tag","value":"auth"},{"name":"resultFormat","value":"allure2"}],"parameters":[],"links":[],"hidden":false,"retry":false,"extra":{"severity":"normal","retries":[],"categories":[],"history":{"statistic":{"failed":0,"broken":0,"skipped":0,"passed":12,"unknown":0,"total":12},"items":[{"uid":"68b4fd4bb9b3f9c4","reportUrl":"https://needsomesleeptd.github.io/Software-testing/41//#testresult/68b4fd4bb9b3f9c4","status":"passed","statusDetails":"","time":{"start":1729629567449,"stop":1729629567450,"duration":1}},{"uid":"a241a2dcf7c4f9e2","reportUrl":"https://needsomesleeptd.github.io/Software-testing/40//#testresult/a241a2dcf7c4f9e2","status":"passed","statusDetails":"","time":{"start":1729629266832,"stop":1729629266833,"duration":1}},{"uid":"83c48532d6675d71","reportUrl":"https://needsomesleeptd.github.io/Software-testing/37//#testresult/83c48532d6675d71","status":"passed","statusDetails":"","time":{"start":1729625027442,"stop":1729625027443,"duration":1}},{"uid":"3ab1e41e823a51f3","reportUrl":"https://needsomesleeptd.github.io/Software-testing/36//#testresult/3ab1e41e823a51f3","status":"passed","statusDetails":"","time":{"start":1729623456051,"stop":1729623456052,"duration":1}},{"uid":"9a627b4fc355e652","reportUrl":"https://needsomesleeptd.github.io/Software-testing/35//#testresult/9a627b4fc355e652","status":"passed","statusDetails":"","time":{"start":1729323000925,"stop":1729323000927,"duration":2}},{"uid":"5b854136596d84ac","reportUrl":"https://needsomesleeptd.github.io/Software-testing/34//#testresult/5b854136596d84ac","status":"passed","statusDetails":"","time":{"start":1729291238009,"stop":1729291238011,"duration":2}},{"uid":"2931afeb462935e9","reportUrl":"https://needsomesleeptd.github.io/Software-testing/33//#testresult/2931afeb462935e9","status":"passed","statusDetails":"","time":{"start":1729286968205,"stop":1729286968207,"duration":2}},{"uid":"452db4e8ee6dde16","reportUrl":"https://needsomesleeptd.github.io/Software-testing/32//#testresult/452db4e8ee6dde16","status":"passed","statusDetails":"","time":{"start":1729286477857,"stop":1729286477859,"duration":2}},{"uid":"b435b27ad5410828","reportUrl":"https://needsomesleeptd.github.io/Software-testing/31//#testresult/b435b27ad5410828","status":"passed","statusDetails":"","time":{"start":1729285766618,"stop":1729285766619,"duration":1}},{"uid":"8671668df2b32fa4","reportUrl":"https://needsomesleeptd.github.io/Software-testing/30//#testresult/8671668df2b32fa4","status":"passed","statusDetails":"","time":{"start":1729284512405,"stop":1729284512406,"duration":1}},{"uid":"79cb0f3107090ea6","reportUrl":"https://needsomesleeptd.github.io/Software-testing/29//#testresult/79cb0f3107090ea6","status":"passed","statusDetails":"","time":{"start":1729282106454,"stop":1729282106455,"duration":1}}]},"tags":["auth"]},"source":"ac2bd524a6af733.json","parameterValues":[]}